TN:
SF:.claude\worktrees\training-summary-widget\src\features\analytics\utils\trainingSummary.ts
FN:36,(anonymous_0)
FN:42,(anonymous_1)
FN:48,(anonymous_2)
FN:56,(anonymous_3)
FN:62,getPeriodDateRange
FN:79,aggregateTrainingSummary
FN:86,(anonymous_6)
FN:110,(anonymous_7)
FN:111,(anonymous_8)
FNF:9
FNH:9
FNDA:6,(anonymous_0)
FNDA:6,(anonymous_1)
FNDA:1,(anonymous_2)
FNDA:1,(anonymous_3)
FNDA:6,getPeriodDateRange
FNDA:6,aggregateTrainingSummary
FNDA:25,(anonymous_6)
FNDA:10,(anonymous_7)
FNDA:10,(anonymous_8)
DA:34,1
DA:36,1
DA:37,6
DA:38,6
DA:39,6
DA:42,1
DA:43,6
DA:44,6
DA:45,6
DA:48,1
DA:49,1
DA:50,1
DA:51,1
DA:52,1
DA:53,1
DA:56,1
DA:57,1
DA:58,1
DA:59,1
DA:67,6
DA:68,5
DA:69,4
DA:71,3
DA:73,2
DA:76,2
DA:83,6
DA:84,6
DA:86,6
DA:87,25
DA:88,5
DA:90,20
DA:91,20
DA:93,20
DA:94,20
DA:95,20
DA:96,20
DA:98,20
DA:104,20
DA:105,20
DA:106,20
DA:109,6
DA:110,10
DA:111,10
LF:43
LH:43
BRDA:51,0,0,0
BRDA:51,0,1,1
BRDA:65,1,0,0
BRDA:67,2,0,1
BRDA:67,2,1,5
BRDA:68,3,0,1
BRDA:68,3,1,4
BRDA:69,4,0,1
BRDA:69,4,1,3
BRDA:71,5,0,1
BRDA:71,5,1,2
BRDA:73,6,0,1
BRDA:73,6,1,1
BRDA:87,7,0,5
BRDA:87,7,1,20
BRDA:87,8,0,25
BRDA:87,8,1,20
BRDA:91,9,0,20
BRDA:91,9,1,5
BRDA:93,10,0,20
BRDA:93,10,1,15
BRDA:98,11,0,20
BRDA:98,11,1,15
BRF:23
BRH:21
end_of_record
TN:
SF:.claude\worktrees\training-summary-widget\src\features\workout\services\off\workoutAnalytics.ts
FN:4,computeWorkoutAnalytics
FN:7,(anonymous_1)
FN:8,(anonymous_2)
FN:11,(anonymous_3)
FN:18,(anonymous_4)
FN:38,(anonymous_5)
FN:39,(anonymous_6)
FNF:7
FNH:7
FNDA:3,computeWorkoutAnalytics
FNDA:2,(anonymous_1)
FNDA:4,(anonymous_2)
FNDA:3,(anonymous_3)
FNDA:1,(anonymous_4)
FNDA:7,(anonymous_5)
FNDA:5,(anonymous_6)
DA:7,3
DA:8,4
DA:10,3
DA:11,3
DA:15,3
DA:16,3
DA:17,3
DA:19,1
DA:22,3
DA:23,3
DA:25,3
DA:27,3
DA:29,3
DA:31,1
DA:34,1
DA:38,3
DA:39,7
DA:41,3
LF:18
LH:18
BRDA:11,0,0,3
BRDA:11,0,1,0
BRDA:11,1,0,3
BRDA:11,1,1,0
BRDA:19,2,0,1
BRDA:19,2,1,0
BRDA:20,3,0,1
BRDA:20,3,1,0
BRDA:25,4,0,3
BRDA:25,4,1,0
BRDA:27,5,0,3
BRDA:27,5,1,0
BRDA:27,6,0,3
BRDA:27,6,1,3
BRDA:29,7,0,1
BRDA:29,7,1,2
BRDA:31,8,0,1
BRDA:31,8,1,0
BRDA:34,9,0,1
BRDA:34,9,1,0
BRDA:34,10,0,1
BRDA:34,10,1,1
BRDA:39,11,0,4
BRDA:39,11,1,3
BRDA:42,12,0,1
BRDA:42,12,1,2
BRF:26
BRH:18
end_of_record
TN:
SF:.claude\worktrees\training-summary-widget\src\shared\context\hooks\useSyncManager.tsx
FN:44,(anonymous_0)
FN:65,(anonymous_1)
FN:80,(anonymous_2)
FN:288,(anonymous_3)
FNF:4
FNH:2
FNDA:13,(anonymous_0)
FNDA:0,(anonymous_1)
FNDA:11,(anonymous_2)
FNDA:0,(anonymous_3)
DA:40,1
DA:41,1
DA:42,1
DA:44,1
DA:57,13
DA:64,13
DA:66,0
DA:67,0
DA:68,0
DA:69,0
DA:71,0
DA:80,13
DA:81,11
DA:83,11
DA:84,11
DA:93,11
DA:97,11
DA:101,11
DA:103,11
DA:105,11
DA:106,11
DA:107,11
DA:108,0
DA:109,0
DA:112,11
DA:113,11
DA:114,11
DA:115,1
DA:116,1
DA:119,10
DA:120,10
DA:123,10
DA:131,0
DA:132,0
DA:137,0
DA:138,0
DA:139,0
DA:144,0
DA:147,0
DA:148,0
DA:153,0
DA:154,0
DA:155,0
DA:156,0
DA:159,0
DA:161,0
DA:162,0
DA:165,0
DA:169,0
DA:174,0
DA:175,0
DA:187,0
DA:193,0
DA:197,0
DA:199,0
DA:202,0
DA:207,0
DA:208,0
DA:209,0
DA:212,0
DA:213,0
DA:217,0
DA:219,0
DA:223,0
DA:225,0
DA:228,0
DA:232,0
DA:234,0
DA:236,10
DA:238,10
DA:239,10
DA:240,1
DA:243,1
DA:245,9
DA:249,9
DA:253,9
DA:258,11
DA:259,11
DA:261,11
DA:262,1
DA:263,1
DA:264,0
DA:267,10
DA:270,11
DA:288,13
DA:289,0
DA:291,0
DA:292,0
DA:293,0
DA:294,0
DA:300,13
LF:91
LH:42
BRDA:81,0,0,0
BRDA:81,0,1,11
BRDA:81,1,0,11
BRDA:81,1,1,11
BRDA:107,2,0,0
BRDA:107,2,1,11
BRDA:107,3,0,11
BRDA:107,3,1,11
BRDA:109,4,0,0
BRDA:109,4,1,0
BRDA:114,5,0,1
BRDA:114,5,1,10
BRDA:114,6,0,11
BRDA:114,6,1,9
BRDA:120,7,0,10
BRDA:120,7,1,0
BRDA:120,7,2,0
BRDA:120,7,3,0
BRDA:131,8,0,0
BRDA:131,8,1,0
BRDA:131,9,0,0
BRDA:131,9,1,0
BRDA:138,10,0,0
BRDA:138,10,1,0
BRDA:153,11,0,0
BRDA:153,11,1,0
BRDA:161,12,0,0
BRDA:161,12,1,0
BRDA:161,13,0,0
BRDA:161,13,1,0
BRDA:161,13,2,0
BRDA:161,13,3,0
BRDA:169,14,0,0
BRDA:169,14,1,0
BRDA:170,15,0,0
BRDA:170,15,1,0
BRDA:185,16,0,0
BRDA:185,16,1,0
BRDA:193,17,0,0
BRDA:193,17,1,0
BRDA:194,18,0,0
BRDA:194,18,1,0
BRDA:207,19,0,0
BRDA:207,19,1,0
BRDA:219,20,0,0
BRDA:219,20,1,0
BRDA:220,21,0,0
BRDA:220,21,1,0
BRDA:238,22,0,10
BRDA:238,22,1,2
BRDA:239,23,0,1
BRDA:239,23,1,9
BRDA:261,24,0,1
BRDA:261,24,1,10
BRDA:263,25,0,0
BRDA:263,25,1,1
BRDA:263,26,0,1
BRDA:263,26,1,0
BRDA:291,27,0,0
BRDA:291,27,1,0
BRF:60
BRH:19
end_of_record
TN:
SF:.claude\worktrees\training-summary-widget\src\shared\services\logger.tsx
FNF:0
FNH:0
DA:3,1
LF:1
LH:1
BRDA:3,0,0,1
BRDA:3,0,1,0
BRF:2
BRH:1
end_of_record
TN:
SF:src\features\analytics\utils\trainingSummary.ts
FN:41,(anonymous_0)
FN:47,(anonymous_1)
FN:53,(anonymous_2)
FN:61,(anonymous_3)
FN:67,getPeriodDateRange
FN:96,resolveExerciseName
FN:105,(anonymous_6)
FN:121,buildTrainingSetEntries
FN:127,(anonymous_8)
FN:128,(anonymous_9)
FN:143,(anonymous_10)
FN:145,(anonymous_11)
FN:149,(anonymous_12)
FN:159,(anonymous_13)
FN:160,(anonymous_14)
FN:180,(anonymous_15)
FN:183,(anonymous_16)
FN:192,(anonymous_17)
FN:203,aggregateTrainingSummary
FN:210,(anonymous_19)
FN:234,(anonymous_20)
FN:235,(anonymous_21)
FN:251,sumPlannedSetsByMuscleGroup
FN:256,(anonymous_23)
FN:258,(anonymous_24)
FN:272,getUndertrainedMuscleGroups
FN:283,(anonymous_26)
FN:290,(anonymous_27)
FN:291,(anonymous_28)
FN:301,(anonymous_29)
FN:309,(anonymous_30)
FN:316,(anonymous_31)
FN:319,(anonymous_32)
FN:320,(anonymous_33)
FN:321,(anonymous_34)
FNF:35
FNH:30
FNDA:10,(anonymous_0)
FNDA:10,(anonymous_1)
FNDA:5,(anonymous_2)
FNDA:1,(anonymous_3)
FNDA:10,getPeriodDateRange
FNDA:0,resolveExerciseName
FNDA:0,(anonymous_6)
FNDA:1,buildTrainingSetEntries
FNDA:0,(anonymous_8)
FNDA:0,(anonymous_9)
FNDA:1,(anonymous_10)
FNDA:1,(anonymous_11)
FNDA:1,(anonymous_12)
FNDA:1,(anonymous_13)
FNDA:1,(anonymous_14)
FNDA:0,(anonymous_15)
FNDA:1,(anonymous_16)
FNDA:1,(anonymous_17)
FNDA:6,aggregateTrainingSummary
FNDA:25,(anonymous_19)
FNDA:10,(anonymous_20)
FNDA:10,(anonymous_21)
FNDA:3,sumPlannedSetsByMuscleGroup
FNDA:4,(anonymous_23)
FNDA:8,(anonymous_24)
FNDA:4,getUndertrainedMuscleGroups
FNDA:17,(anonymous_26)
FNDA:3,(anonymous_27)
FNDA:4,(anonymous_28)
FNDA:17,(anonymous_29)
FNDA:8,(anonymous_30)
FNDA:8,(anonymous_31)
FNDA:8,(anonymous_32)
FNDA:8,(anonymous_33)
FNDA:2,(anonymous_34)
DA:39,1
DA:41,1
DA:42,10
DA:43,10
DA:44,10
DA:47,1
DA:48,10
DA:49,10
DA:50,10
DA:53,1
DA:54,5
DA:55,5
DA:56,5
DA:57,5
DA:58,5
DA:61,1
DA:62,1
DA:63,1
DA:64,1
DA:72,10
DA:73,9
DA:74,4
DA:76,3
DA:78,2
DA:81,2
DA:102,0
DA:104,0
DA:105,0
DA:106,0
DA:107,0
DA:108,0
DA:109,0
DA:113,0
DA:127,1
DA:128,0
DA:141,1
DA:144,1
DA:145,1
DA:146,1
DA:147,1
DA:149,1
DA:150,1
DA:155,1
DA:156,1
DA:157,1
DA:158,1
DA:159,1
DA:161,1
DA:162,1
DA:179,1
DA:180,0
DA:182,1
DA:183,1
DA:184,1
DA:185,1
DA:186,1
DA:187,1
DA:191,1
DA:192,1
DA:207,6
DA:208,6
DA:210,6
DA:211,25
DA:212,5
DA:214,20
DA:215,20
DA:217,20
DA:218,20
DA:219,20
DA:220,20
DA:222,20
DA:228,20
DA:229,20
DA:230,20
DA:233,6
DA:234,10
DA:235,10
DA:249,1
DA:255,3
DA:256,3
DA:257,4
DA:258,4
DA:259,8
DA:260,8
DA:261,8
DA:262,8
DA:263,8
DA:269,3
DA:279,4
DA:281,4
DA:282,4
DA:284,17
DA:288,4
DA:289,4
DA:290,3
DA:291,2
DA:292,4
DA:295,4
DA:297,3
DA:298,3
DA:300,3
DA:301,3
DA:302,17
DA:303,17
DA:304,17
DA:305,17
DA:306,17
DA:309,3
DA:310,8
DA:311,8
DA:312,8
DA:316,8
DA:318,3
DA:319,8
DA:320,8
DA:321,2
LF:116
LH:106
BRDA:56,0,0,0
BRDA:56,0,1,5
BRDA:70,1,0,0
BRDA:72,2,0,1
BRDA:72,2,1,9
BRDA:73,3,0,5
BRDA:73,3,1,4
BRDA:74,4,0,1
BRDA:74,4,1,3
BRDA:76,5,0,1
BRDA:76,5,1,2
BRDA:78,6,0,1
BRDA:78,6,1,1
BRDA:102,7,0,0
BRDA:102,7,1,0
BRDA:104,8,0,0
BRDA:104,8,1,0
BRDA:104,9,0,0
BRDA:104,9,1,0
BRDA:104,9,2,0
BRDA:107,10,0,0
BRDA:107,10,1,0
BRDA:109,11,0,0
BRDA:109,11,1,0
BRDA:113,12,0,0
BRDA:113,12,1,0
BRDA:128,13,0,0
BRDA:128,13,1,0
BRDA:129,14,0,0
BRDA:129,14,1,0
BRDA:129,14,2,0
BRDA:131,15,0,0
BRDA:131,15,1,0
BRDA:132,16,0,0
BRDA:132,16,1,0
BRDA:133,17,0,0
BRDA:133,17,1,0
BRDA:134,18,0,0
BRDA:134,18,1,0
BRDA:135,19,0,0
BRDA:135,19,1,0
BRDA:141,20,0,0
BRDA:141,20,1,1
BRDA:141,21,0,1
BRDA:141,21,1,1
BRDA:147,22,0,0
BRDA:147,22,1,1
BRDA:155,23,0,1
BRDA:155,23,1,1
BRDA:157,24,0,0
BRDA:157,24,1,1
BRDA:161,25,0,1
BRDA:161,25,1,0
BRDA:163,26,0,1
BRDA:163,26,1,0
BRDA:165,27,0,1
BRDA:165,27,1,0
BRDA:166,28,0,1
BRDA:166,28,1,0
BRDA:167,29,0,1
BRDA:167,29,1,0
BRDA:186,30,0,1
BRDA:186,30,1,0
BRDA:186,31,0,1
BRDA:186,31,1,0
BRDA:186,31,2,0
BRDA:211,32,0,5
BRDA:211,32,1,20
BRDA:211,33,0,25
BRDA:211,33,1,20
BRDA:215,34,0,20
BRDA:215,34,1,5
BRDA:217,35,0,20
BRDA:217,35,1,15
BRDA:222,36,0,20
BRDA:222,36,1,15
BRDA:257,37,0,4
BRDA:257,37,1,0
BRDA:259,38,0,0
BRDA:259,38,1,8
BRDA:264,39,0,8
BRDA:264,39,1,8
BRDA:265,40,0,8
BRDA:265,40,1,8
BRDA:279,41,0,0
BRDA:279,41,1,4
BRDA:279,42,0,4
BRDA:279,42,1,4
BRDA:284,43,0,17
BRDA:284,43,1,17
BRDA:289,44,0,2
BRDA:289,44,1,2
BRDA:295,45,0,1
BRDA:295,45,1,3
BRDA:298,46,0,0
BRDA:298,46,1,3
BRDA:302,47,0,17
BRDA:302,47,1,0
BRDA:303,48,0,0
BRDA:303,48,1,17
BRDA:305,49,0,0
BRDA:305,49,1,17
BRDA:306,50,0,17
BRDA:306,50,1,4
BRDA:310,51,0,8
BRDA:310,51,1,4
BRDA:311,52,0,8
BRDA:311,52,1,0
BRF:108
BRH:59
end_of_record
TN:
SF:src\features\workout\services\off\workoutAnalytics.ts
FN:4,computeWorkoutAnalytics
FN:7,(anonymous_1)
FN:8,(anonymous_2)
FN:11,(anonymous_3)
FN:18,(anonymous_4)
FN:38,(anonymous_5)
FN:39,(anonymous_6)
FNF:7
FNH:7
FNDA:3,computeWorkoutAnalytics
FNDA:2,(anonymous_1)
FNDA:4,(anonymous_2)
FNDA:3,(anonymous_3)
FNDA:1,(anonymous_4)
FNDA:7,(anonymous_5)
FNDA:5,(anonymous_6)
DA:7,3
DA:8,4
DA:10,3
DA:11,3
DA:15,3
DA:16,3
DA:17,3
DA:19,1
DA:22,3
DA:23,3
DA:25,3
DA:27,3
DA:29,3
DA:31,1
DA:34,1
DA:38,3
DA:39,7
DA:41,3
LF:18
LH:18
BRDA:11,0,0,3
BRDA:11,0,1,0
BRDA:11,1,0,3
BRDA:11,1,1,0
BRDA:19,2,0,1
BRDA:19,2,1,0
BRDA:20,3,0,1
BRDA:20,3,1,0
BRDA:25,4,0,3
BRDA:25,4,1,0
BRDA:27,5,0,3
BRDA:27,5,1,0
BRDA:27,6,0,3
BRDA:27,6,1,3
BRDA:29,7,0,1
BRDA:29,7,1,2
BRDA:31,8,0,1
BRDA:31,8,1,0
BRDA:34,9,0,1
BRDA:34,9,1,0
BRDA:34,10,0,1
BRDA:34,10,1,1
BRDA:39,11,0,4
BRDA:39,11,1,3
BRDA:42,12,0,1
BRDA:42,12,1,2
BRF:26
BRH:18
end_of_record
TN:
SF:src\shared\context\AuthContext.tsx
FN:49,(anonymous_0)
FN:58,(anonymous_1)
FN:71,(anonymous_2)
FN:78,(anonymous_3)
FN:97,(anonymous_4)
FN:121,(anonymous_5)
FN:142,(anonymous_6)
FN:144,(anonymous_7)
FN:147,(anonymous_8)
FN:150,(anonymous_9)
FN:157,(anonymous_10)
FN:158,(anonymous_11)
FN:165,(anonymous_12)
FN:166,(anonymous_13)
FN:172,(anonymous_14)
FN:180,(anonymous_15)
FN:233,(anonymous_16)
FN:267,(anonymous_17)
FN:299,(anonymous_18)
FN:319,(anonymous_19)
FN:334,(anonymous_20)
FNF:21
FNH:11
FNDA:0,(anonymous_0)
FNDA:1,(anonymous_1)
FNDA:4,(anonymous_2)
FNDA:0,(anonymous_3)
FNDA:0,(anonymous_4)
FNDA:2,(anonymous_5)
FNDA:2,(anonymous_6)
FNDA:2,(anonymous_7)
FNDA:1,(anonymous_8)
FNDA:1,(anonymous_9)
FNDA:1,(anonymous_10)
FNDA:0,(anonymous_11)
FNDA:2,(anonymous_12)
FNDA:0,(anonymous_13)
FNDA:0,(anonymous_14)
FNDA:1,(anonymous_15)
FNDA:0,(anonymous_16)
FNDA:0,(anonymous_17)
FNDA:0,(anonymous_18)
FNDA:0,(anonymous_19)
FNDA:3,(anonymous_20)
DA:47,1
DA:49,1
DA:50,0
DA:51,0
DA:52,0
DA:54,0
DA:58,1
DA:59,1
DA:60,1
DA:62,0
DA:68,1
DA:71,1
DA:72,4
DA:73,4
DA:74,4
DA:75,4
DA:78,4
DA:79,0
DA:80,0
DA:82,0
DA:84,0
DA:85,0
DA:86,0
DA:97,4
DA:98,0
DA:99,0
DA:104,0
DA:105,0
DA:106,0
DA:107,0
DA:108,0
DA:111,0
DA:121,4
DA:122,2
DA:123,2
DA:124,2
DA:125,2
DA:126,2
DA:127,2
DA:129,0
DA:130,0
DA:131,0
DA:133,0
DA:134,0
DA:135,0
DA:142,4
DA:143,2
DA:144,1
DA:145,2
DA:147,1
DA:150,4
DA:151,1
DA:157,4
DA:158,1
DA:159,0
DA:160,0
DA:162,1
DA:165,4
DA:166,2
DA:167,0
DA:168,0
DA:169,0
DA:172,0
DA:176,2
DA:180,4
DA:181,1
DA:184,1
DA:185,1
DA:186,1
DA:187,1
DA:188,1
DA:189,1
DA:190,1
DA:191,1
DA:192,1
DA:193,1
DA:195,0
DA:198,0
DA:199,0
DA:200,0
DA:201,0
DA:202,0
DA:203,0
DA:205,0
DA:206,0
DA:207,0
DA:208,0
DA:210,0
DA:214,0
DA:215,0
DA:217,0
DA:218,0
DA:219,0
DA:222,0
DA:223,0
DA:224,0
DA:225,0
DA:227,1
DA:232,4
DA:239,0
DA:240,0
DA:246,0
DA:247,0
DA:248,0
DA:249,0
DA:250,0
DA:251,0
DA:253,0
DA:255,0
DA:256,0
DA:266,4
DA:268,0
DA:269,0
DA:276,0
DA:277,0
DA:278,0
DA:279,0
DA:280,0
DA:281,0
DA:283,0
DA:288,0
DA:298,4
DA:300,0
DA:301,0
DA:305,0
DA:306,0
DA:308,0
DA:309,0
DA:319,4
DA:320,0
DA:321,0
DA:322,0
DA:323,0
DA:325,0
DA:326,0
DA:333,4
DA:334,3
DA:360,4
LF:138
LH:53
BRDA:51,0,0,0
BRDA:51,0,1,0
BRDA:60,1,0,1
BRDA:60,1,1,0
BRDA:104,2,0,0
BRDA:104,2,1,0
BRDA:104,3,0,0
BRDA:104,3,1,0
BRDA:105,4,0,0
BRDA:105,4,1,0
BRDA:124,5,0,2
BRDA:124,5,1,0
BRDA:143,6,0,1
BRDA:143,6,1,1
BRDA:159,7,0,0
BRDA:159,7,1,0
BRDA:167,8,0,0
BRDA:167,8,1,0
BRDA:186,9,0,1
BRDA:186,9,1,0
BRDA:199,10,0,0
BRDA:199,10,1,0
BRDA:214,11,0,0
BRDA:214,11,1,0
BRDA:246,12,0,0
BRDA:246,12,1,0
BRDA:246,13,0,0
BRDA:246,13,1,0
BRDA:247,14,0,0
BRDA:247,14,1,0
BRDA:253,15,0,0
BRDA:253,15,1,0
BRDA:258,16,0,0
BRDA:258,16,1,0
BRDA:276,17,0,0
BRDA:276,17,1,0
BRDA:276,18,0,0
BRDA:276,18,1,0
BRDA:277,19,0,0
BRDA:277,19,1,0
BRDA:285,20,0,0
BRDA:285,20,1,0
BRDA:285,20,2,0
BRDA:290,21,0,0
BRDA:290,21,1,0
BRDA:311,22,0,0
BRDA:311,22,1,0
BRDA:328,23,0,0
BRDA:328,23,1,0
BRF:49
BRH:5
end_of_record
TN:
SF:src\shared\context\hooks\useSyncManager.tsx
FN:44,(anonymous_0)
FN:65,(anonymous_1)
FN:80,(anonymous_2)
FN:288,(anonymous_3)
FNF:4
FNH:2
FNDA:13,(anonymous_0)
FNDA:0,(anonymous_1)
FNDA:11,(anonymous_2)
FNDA:0,(anonymous_3)
DA:40,1
DA:41,1
DA:42,1
DA:44,1
DA:57,13
DA:64,13
DA:66,0
DA:67,0
DA:68,0
DA:69,0
DA:71,0
DA:80,13
DA:81,11
DA:83,11
DA:84,11
DA:93,11
DA:97,11
DA:101,11
DA:103,11
DA:105,11
DA:106,11
DA:107,11
DA:108,0
DA:109,0
DA:112,11
DA:113,11
DA:114,11
DA:115,1
DA:116,1
DA:119,10
DA:120,10
DA:123,10
DA:131,0
DA:132,0
DA:137,0
DA:138,0
DA:139,0
DA:144,0
DA:147,0
DA:148,0
DA:153,0
DA:154,0
DA:155,0
DA:156,0
DA:159,0
DA:161,0
DA:162,0
DA:165,0
DA:169,0
DA:174,0
DA:175,0
DA:187,0
DA:193,0
DA:197,0
DA:199,0
DA:202,0
DA:207,0
DA:208,0
DA:209,0
DA:212,0
DA:213,0
DA:217,0
DA:219,0
DA:223,0
DA:225,0
DA:228,0
DA:232,0
DA:234,0
DA:236,10
DA:238,10
DA:239,10
DA:240,1
DA:243,1
DA:245,9
DA:249,9
DA:253,9
DA:258,11
DA:259,11
DA:261,11
DA:262,1
DA:263,1
DA:264,0
DA:267,10
DA:270,11
DA:288,13
DA:289,0
DA:291,0
DA:292,0
DA:293,0
DA:294,0
DA:300,13
LF:91
LH:42
BRDA:81,0,0,0
BRDA:81,0,1,11
BRDA:81,1,0,11
BRDA:81,1,1,11
BRDA:107,2,0,0
BRDA:107,2,1,11
BRDA:107,3,0,11
BRDA:107,3,1,11
BRDA:109,4,0,0
BRDA:109,4,1,0
BRDA:114,5,0,1
BRDA:114,5,1,10
BRDA:114,6,0,11
BRDA:114,6,1,9
BRDA:120,7,0,10
BRDA:120,7,1,0
BRDA:120,7,2,0
BRDA:120,7,3,0
BRDA:131,8,0,0
BRDA:131,8,1,0
BRDA:131,9,0,0
BRDA:131,9,1,0
BRDA:138,10,0,0
BRDA:138,10,1,0
BRDA:153,11,0,0
BRDA:153,11,1,0
BRDA:161,12,0,0
BRDA:161,12,1,0
BRDA:161,13,0,0
BRDA:161,13,1,0
BRDA:161,13,2,0
BRDA:161,13,3,0
BRDA:169,14,0,0
BRDA:169,14,1,0
BRDA:170,15,0,0
BRDA:170,15,1,0
BRDA:185,16,0,0
BRDA:185,16,1,0
BRDA:193,17,0,0
BRDA:193,17,1,0
BRDA:194,18,0,0
BRDA:194,18,1,0
BRDA:207,19,0,0
BRDA:207,19,1,0
BRDA:219,20,0,0
BRDA:219,20,1,0
BRDA:220,21,0,0
BRDA:220,21,1,0
BRDA:238,22,0,10
BRDA:238,22,1,2
BRDA:239,23,0,1
BRDA:239,23,1,9
BRDA:261,24,0,1
BRDA:261,24,1,10
BRDA:263,25,0,0
BRDA:263,25,1,1
BRDA:263,26,0,1
BRDA:263,26,1,0
BRDA:291,27,0,0
BRDA:291,27,1,0
BRF:60
BRH:19
end_of_record
TN:
SF:src\shared\services\logger.tsx
FNF:0
FNH:0
DA:3,2
LF:1
LH:1
BRDA:3,0,0,2
BRDA:3,0,1,0
BRF:2
BRH:1
end_of_record
TN:
SF:src\utils\exerciseMatching.tsx
FN:19,(anonymous_0)
FN:53,(anonymous_1)
FN:68,(anonymous_2)
FN:76,(anonymous_3)
FN:79,(anonymous_4)
FN:93,(anonymous_5)
FN:100,(anonymous_6)
FN:103,(anonymous_7)
FN:119,(anonymous_8)
FN:134,(anonymous_9)
FN:136,(anonymous_10)
FN:195,(anonymous_11)
FN:201,(anonymous_12)
FN:206,(anonymous_13)
FN:212,(anonymous_14)
FN:223,(anonymous_15)
FN:232,(anonymous_16)
FN:233,(anonymous_17)
FN:240,(anonymous_18)
FN:254,(anonymous_19)
FN:262,(anonymous_20)
FN:276,(anonymous_21)
FN:284,(anonymous_22)
FN:295,(anonymous_23)
FNF:24
FNH:4
FNDA:0,(anonymous_0)
FNDA:0,(anonymous_1)
FNDA:0,(anonymous_2)
FNDA:0,(anonymous_3)
FNDA:0,(anonymous_4)
FNDA:0,(anonymous_5)
FNDA:0,(anonymous_6)
FNDA:0,(anonymous_7)
FNDA:6,(anonymous_8)
FNDA:6,(anonymous_9)
FNDA:15,(anonymous_10)
FNDA:48,(anonymous_11)
FNDA:0,(anonymous_12)
FNDA:0,(anonymous_13)
FNDA:0,(anonymous_14)
FNDA:0,(anonymous_15)
FNDA:0,(anonymous_16)
FNDA:0,(anonymous_17)
FNDA:0,(anonymous_18)
FNDA:0,(anonymous_19)
FNDA:0,(anonymous_20)
FNDA:0,(anonymous_21)
FNDA:0,(anonymous_22)
FNDA:0,(anonymous_23)
DA:19,2
DA:20,0
DA:21,0
DA:23,0
DA:25,0
DA:26,0
DA:29,0
DA:30,0
DA:33,0
DA:34,0
DA:35,0
DA:36,0
DA:38,0
DA:47,0
DA:53,2
DA:54,0
DA:55,0
DA:57,0
DA:59,0
DA:60,0
DA:62,0
DA:68,2
DA:72,0
DA:74,0
DA:76,0
DA:77,0
DA:78,0
DA:79,0
DA:80,0
DA:81,0
DA:87,0
DA:93,2
DA:97,0
DA:99,0
DA:100,0
DA:101,0
DA:102,0
DA:103,0
DA:104,0
DA:105,0
DA:112,0
DA:119,2
DA:125,6
DA:127,6
DA:129,3
DA:130,3
DA:134,3
DA:135,6
DA:136,6
DA:137,15
DA:138,15
DA:139,10
DA:141,5
DA:145,2
DA:147,3
DA:151,3
DA:157,2
DA:195,2
DA:196,48
DA:201,2
DA:205,0
DA:206,0
DA:212,2
DA:218,0
DA:220,0
DA:222,0
DA:224,0
DA:225,0
DA:226,0
DA:227,0
DA:232,0
DA:233,0
DA:240,2
DA:244,0
DA:245,0
DA:248,0
DA:249,0
DA:250,0
DA:253,0
DA:254,0
DA:256,0
DA:262,2
DA:266,0
DA:267,0
DA:270,0
DA:271,0
DA:272,0
DA:275,0
DA:276,0
DA:278,0
DA:284,2
DA:288,0
DA:289,0
DA:295,2
DA:299,0
DA:300,0
LF:96
LH:28
BRDA:35,0,0,0
BRDA:35,0,1,0
BRDA:57,1,0,0
BRDA:57,1,1,0
BRDA:74,2,0,0
BRDA:74,2,1,0
BRDA:74,3,0,0
BRDA:74,3,1,0
BRDA:78,4,0,0
BRDA:78,4,1,0
BRDA:80,5,0,0
BRDA:80,5,1,0
BRDA:99,6,0,0
BRDA:99,6,1,0
BRDA:99,7,0,0
BRDA:99,7,1,0
BRDA:102,8,0,0
BRDA:102,8,1,0
BRDA:104,9,0,0
BRDA:104,9,1,0
BRDA:127,10,0,3
BRDA:127,10,1,3
BRDA:127,11,0,6
BRDA:127,11,1,5
BRDA:127,11,2,4
BRDA:130,12,0,1
BRDA:130,12,1,2
BRDA:137,13,0,0
BRDA:137,13,1,15
BRDA:137,14,0,15
BRDA:137,14,1,15
BRDA:138,15,0,10
BRDA:138,15,1,5
BRDA:141,16,0,2
BRDA:141,16,1,3
BRDA:142,17,0,5
BRDA:142,17,1,4
BRDA:215,18,0,0
BRDA:216,19,0,0
BRDA:218,20,0,0
BRDA:218,20,1,0
BRDA:218,21,0,0
BRDA:218,21,1,0
BRDA:229,22,0,0
BRDA:229,22,1,0
BRDA:232,23,0,0
BRDA:232,23,1,0
BRDA:244,24,0,0
BRDA:244,24,1,0
BRDA:249,25,0,0
BRDA:249,25,1,0
BRDA:266,26,0,0
BRDA:266,26,1,0
BRDA:271,27,0,0
BRDA:271,27,1,0
BRDA:289,28,0,0
BRDA:289,28,1,0
BRDA:300,29,0,0
BRDA:300,29,1,0
BRF:59
BRH:16
end_of_record
TN:
SF:src\utils\session.tsx
FN:25,(anonymous_0)
FN:33,(anonymous_1)
FN:47,(anonymous_2)
FN:61,(anonymous_3)
FN:72,(anonymous_4)
FN:81,(anonymous_5)
FN:94,(anonymous_6)
FN:105,(anonymous_7)
FN:116,(anonymous_8)
FN:118,(anonymous_9)
FN:132,(anonymous_10)
FN:146,(anonymous_11)
FN:153,(anonymous_12)
FN:162,(anonymous_13)
FN:178,(anonymous_14)
FN:199,(anonymous_15)
FNF:16
FNH:0
FNDA:0,(anonymous_0)
FNDA:0,(anonymous_1)
FNDA:0,(anonymous_2)
FNDA:0,(anonymous_3)
FNDA:0,(anonymous_4)
FNDA:0,(anonymous_5)
FNDA:0,(anonymous_6)
FNDA:0,(anonymous_7)
FNDA:0,(anonymous_8)
FNDA:0,(anonymous_9)
FNDA:0,(anonymous_10)
FNDA:0,(anonymous_11)
FNDA:0,(anonymous_12)
FNDA:0,(anonymous_13)
FNDA:0,(anonymous_14)
FNDA:0,(anonymous_15)
DA:9,2
DA:25,2
DA:32,0
DA:33,0
DA:34,0
DA:37,0
DA:38,0
DA:39,0
DA:47,2
DA:48,0
DA:49,0
DA:50,0
DA:51,0
DA:52,0
DA:53,0
DA:54,0
DA:55,0
DA:61,2
DA:64,0
DA:65,0
DA:66,0
DA:72,2
DA:75,0
DA:81,2
DA:84,0
DA:86,0
DA:87,0
DA:88,0
DA:94,2
DA:95,0
DA:97,0
DA:98,0
DA:99,0
DA:105,2
DA:111,0
DA:113,0
DA:114,0
DA:116,0
DA:117,0
DA:118,0
DA:119,0
DA:120,0
DA:121,0
DA:123,0
DA:124,0
DA:132,0
DA:134,0
DA:135,0
DA:136,0
DA:139,0
DA:140,0
DA:144,0
DA:146,0
DA:147,0
DA:153,2
DA:157,0
DA:159,0
DA:160,0
DA:162,0
DA:163,0
DA:164,0
DA:165,0
DA:169,0
DA:178,2
DA:187,0
DA:189,0
DA:190,0
DA:196,0
DA:197,0
DA:199,0
DA:200,0
DA:202,0
LF:72
LH:10
BRDA:27,0,0,0
BRDA:32,1,0,0
BRDA:34,2,0,0
BRDA:34,2,1,0
BRDA:37,3,0,0
BRDA:37,3,1,0
BRDA:37,4,0,0
BRDA:37,4,1,0
BRDA:38,5,0,0
BRDA:38,5,1,0
BRDA:52,6,0,0
BRDA:52,6,1,0
BRDA:64,7,0,0
BRDA:64,7,1,0
BRDA:75,8,0,0
BRDA:75,8,1,0
BRDA:84,9,0,0
BRDA:84,9,1,0
BRDA:95,10,0,0
BRDA:95,10,1,0
BRDA:109,11,0,0
BRDA:111,12,0,0
BRDA:111,12,1,0
BRDA:111,13,0,0
BRDA:111,13,1,0
BRDA:123,14,0,0
BRDA:123,14,1,0
BRDA:126,15,0,0
BRDA:126,15,1,0
BRDA:139,16,0,0
BRDA:139,16,1,0
BRDA:139,17,0,0
BRDA:139,17,1,0
BRDA:144,18,0,0
BRDA:144,18,1,0
BRDA:157,19,0,0
BRDA:157,19,1,0
BRDA:164,20,0,0
BRDA:164,20,1,0
BRDA:187,21,0,0
BRDA:187,21,1,0
BRDA:200,22,0,0
BRDA:200,22,1,0
BRDA:200,23,0,0
BRDA:200,23,1,0
BRF:45
BRH:0
end_of_record
