TN:
SF:src\features\workout\services\off\workoutAnalytics.ts
FN:4,computeWorkoutAnalytics
FN:7,(anonymous_1)
FN:8,(anonymous_2)
FN:11,(anonymous_3)
FN:18,(anonymous_4)
FN:38,(anonymous_5)
FN:39,(anonymous_6)
FNF:7
FNH:7
FNDA:3,computeWorkoutAnalytics
FNDA:2,(anonymous_1)
FNDA:4,(anonymous_2)
FNDA:3,(anonymous_3)
FNDA:1,(anonymous_4)
FNDA:7,(anonymous_5)
FNDA:5,(anonymous_6)
DA:7,3
DA:8,4
DA:10,3
DA:11,3
DA:15,3
DA:16,3
DA:17,3
DA:19,1
DA:22,3
DA:23,3
DA:25,3
DA:27,3
DA:29,3
DA:31,1
DA:34,1
DA:38,3
DA:39,7
DA:41,3
LF:18
LH:18
BRDA:11,0,0,3
BRDA:11,0,1,0
BRDA:11,1,0,3
BRDA:11,1,1,0
BRDA:19,2,0,1
BRDA:19,2,1,0
BRDA:20,3,0,1
BRDA:20,3,1,0
BRDA:25,4,0,3
BRDA:25,4,1,0
BRDA:27,5,0,3
BRDA:27,5,1,0
BRDA:27,6,0,3
BRDA:27,6,1,3
BRDA:29,7,0,1
BRDA:29,7,1,2
BRDA:31,8,0,1
BRDA:31,8,1,0
BRDA:34,9,0,1
BRDA:34,9,1,0
BRDA:34,10,0,1
BRDA:34,10,1,1
BRDA:39,11,0,4
BRDA:39,11,1,3
BRDA:42,12,0,1
BRDA:42,12,1,2
BRF:26
BRH:18
end_of_record
TN:
SF:src\shared\context\AuthContext.tsx
FN:51,(anonymous_0)
FN:62,(anonymous_1)
FN:76,(anonymous_2)
FN:83,(anonymous_3)
FN:102,(anonymous_4)
FN:126,(anonymous_5)
FN:150,(anonymous_6)
FN:152,(anonymous_7)
FN:155,(anonymous_8)
FN:158,(anonymous_9)
FN:165,(anonymous_10)
FN:166,(anonymous_11)
FN:173,(anonymous_12)
FN:174,(anonymous_13)
FN:180,(anonymous_14)
FN:188,(anonymous_15)
FN:244,(anonymous_16)
FN:278,(anonymous_17)
FN:310,(anonymous_18)
FN:330,(anonymous_19)
FN:345,(anonymous_20)
FNF:21
FNH:11
FNDA:0,(anonymous_0)
FNDA:1,(anonymous_1)
FNDA:4,(anonymous_2)
FNDA:0,(anonymous_3)
FNDA:0,(anonymous_4)
FNDA:2,(anonymous_5)
FNDA:2,(anonymous_6)
FNDA:2,(anonymous_7)
FNDA:1,(anonymous_8)
FNDA:1,(anonymous_9)
FNDA:1,(anonymous_10)
FNDA:0,(anonymous_11)
FNDA:2,(anonymous_12)
FNDA:0,(anonymous_13)
FNDA:0,(anonymous_14)
FNDA:1,(anonymous_15)
FNDA:0,(anonymous_16)
FNDA:0,(anonymous_17)
FNDA:0,(anonymous_18)
FNDA:0,(anonymous_19)
FNDA:3,(anonymous_20)
DA:49,1
DA:51,1
DA:52,0
DA:53,0
DA:54,0
DA:56,0
DA:62,1
DA:63,1
DA:64,1
DA:66,0
DA:72,1
DA:76,1
DA:77,4
DA:78,4
DA:79,4
DA:80,4
DA:83,4
DA:84,0
DA:85,0
DA:87,0
DA:89,0
DA:90,0
DA:91,0
DA:102,4
DA:103,0
DA:104,0
DA:109,0
DA:110,0
DA:111,0
DA:112,0
DA:113,0
DA:116,0
DA:126,4
DA:127,2
DA:130,2
DA:131,2
DA:132,2
DA:133,2
DA:134,2
DA:137,0
DA:138,0
DA:139,0
DA:141,0
DA:142,0
DA:143,0
DA:150,4
DA:151,2
DA:152,1
DA:153,2
DA:155,1
DA:158,4
DA:159,1
DA:165,4
DA:166,1
DA:167,0
DA:168,0
DA:170,1
DA:173,4
DA:174,2
DA:175,0
DA:176,0
DA:177,0
DA:180,0
DA:184,2
DA:188,4
DA:189,1
DA:192,1
DA:193,1
DA:194,1
DA:195,1
DA:196,1
DA:197,1
DA:198,1
DA:199,1
DA:200,1
DA:201,1
DA:203,0
DA:207,0
DA:208,0
DA:209,0
DA:210,0
DA:211,0
DA:212,0
DA:215,0
DA:216,0
DA:217,0
DA:218,0
DA:220,0
DA:224,0
DA:226,0
DA:228,0
DA:229,0
DA:230,0
DA:233,0
DA:234,0
DA:235,0
DA:236,0
DA:238,1
DA:243,4
DA:250,0
DA:251,0
DA:257,0
DA:258,0
DA:259,0
DA:260,0
DA:261,0
DA:262,0
DA:264,0
DA:266,0
DA:267,0
DA:277,4
DA:279,0
DA:280,0
DA:287,0
DA:288,0
DA:289,0
DA:290,0
DA:291,0
DA:292,0
DA:294,0
DA:299,0
DA:309,4
DA:311,0
DA:312,0
DA:316,0
DA:317,0
DA:319,0
DA:320,0
DA:330,4
DA:331,0
DA:332,0
DA:333,0
DA:334,0
DA:336,0
DA:337,0
DA:344,4
DA:345,3
DA:371,4
LF:138
LH:53
BRDA:53,0,0,0
BRDA:53,0,1,0
BRDA:64,1,0,1
BRDA:64,1,1,0
BRDA:109,2,0,0
BRDA:109,2,1,0
BRDA:109,3,0,0
BRDA:109,3,1,0
BRDA:110,4,0,0
BRDA:110,4,1,0
BRDA:131,5,0,2
BRDA:131,5,1,0
BRDA:151,6,0,1
BRDA:151,6,1,1
BRDA:167,7,0,0
BRDA:167,7,1,0
BRDA:175,8,0,0
BRDA:175,8,1,0
BRDA:194,9,0,1
BRDA:194,9,1,0
BRDA:208,10,0,0
BRDA:208,10,1,0
BRDA:224,11,0,0
BRDA:224,11,1,0
BRDA:257,12,0,0
BRDA:257,12,1,0
BRDA:257,13,0,0
BRDA:257,13,1,0
BRDA:258,14,0,0
BRDA:258,14,1,0
BRDA:264,15,0,0
BRDA:264,15,1,0
BRDA:269,16,0,0
BRDA:269,16,1,0
BRDA:287,17,0,0
BRDA:287,17,1,0
BRDA:287,18,0,0
BRDA:287,18,1,0
BRDA:288,19,0,0
BRDA:288,19,1,0
BRDA:296,20,0,0
BRDA:296,20,1,0
BRDA:296,20,2,0
BRDA:301,21,0,0
BRDA:301,21,1,0
BRDA:322,22,0,0
BRDA:322,22,1,0
BRDA:339,23,0,0
BRDA:339,23,1,0
BRF:49
BRH:5
end_of_record
TN:
SF:src\shared\context\hooks\useSyncManager.tsx
FN:44,(anonymous_0)
FN:65,(anonymous_1)
FN:80,(anonymous_2)
FN:288,(anonymous_3)
FNF:4
FNH:2
FNDA:13,(anonymous_0)
FNDA:0,(anonymous_1)
FNDA:11,(anonymous_2)
FNDA:0,(anonymous_3)
DA:40,1
DA:41,1
DA:42,1
DA:44,1
DA:57,13
DA:64,13
DA:66,0
DA:67,0
DA:68,0
DA:69,0
DA:71,0
DA:80,13
DA:81,11
DA:83,11
DA:84,11
DA:93,11
DA:97,11
DA:101,11
DA:103,11
DA:105,11
DA:106,11
DA:107,11
DA:108,0
DA:109,0
DA:112,11
DA:113,11
DA:114,11
DA:115,1
DA:116,1
DA:119,10
DA:120,10
DA:123,10
DA:131,0
DA:132,0
DA:137,0
DA:138,0
DA:139,0
DA:144,0
DA:147,0
DA:148,0
DA:153,0
DA:154,0
DA:155,0
DA:156,0
DA:159,0
DA:161,0
DA:162,0
DA:165,0
DA:169,0
DA:174,0
DA:175,0
DA:187,0
DA:193,0
DA:197,0
DA:199,0
DA:202,0
DA:207,0
DA:208,0
DA:209,0
DA:212,0
DA:213,0
DA:217,0
DA:219,0
DA:223,0
DA:225,0
DA:228,0
DA:232,0
DA:234,0
DA:236,10
DA:238,10
DA:239,10
DA:240,1
DA:243,1
DA:245,9
DA:249,9
DA:253,9
DA:258,11
DA:259,11
DA:261,11
DA:262,1
DA:263,1
DA:264,0
DA:267,10
DA:270,11
DA:288,13
DA:289,0
DA:291,0
DA:292,0
DA:293,0
DA:294,0
DA:300,13
LF:91
LH:42
BRDA:81,0,0,0
BRDA:81,0,1,11
BRDA:81,1,0,11
BRDA:81,1,1,11
BRDA:107,2,0,0
BRDA:107,2,1,11
BRDA:107,3,0,11
BRDA:107,3,1,11
BRDA:109,4,0,0
BRDA:109,4,1,0
BRDA:114,5,0,1
BRDA:114,5,1,10
BRDA:114,6,0,11
BRDA:114,6,1,9
BRDA:120,7,0,10
BRDA:120,7,1,0
BRDA:120,7,2,0
BRDA:120,7,3,0
BRDA:131,8,0,0
BRDA:131,8,1,0
BRDA:131,9,0,0
BRDA:131,9,1,0
BRDA:138,10,0,0
BRDA:138,10,1,0
BRDA:153,11,0,0
BRDA:153,11,1,0
BRDA:161,12,0,0
BRDA:161,12,1,0
BRDA:161,13,0,0
BRDA:161,13,1,0
BRDA:161,13,2,0
BRDA:161,13,3,0
BRDA:169,14,0,0
BRDA:169,14,1,0
BRDA:170,15,0,0
BRDA:170,15,1,0
BRDA:185,16,0,0
BRDA:185,16,1,0
BRDA:193,17,0,0
BRDA:193,17,1,0
BRDA:194,18,0,0
BRDA:194,18,1,0
BRDA:207,19,0,0
BRDA:207,19,1,0
BRDA:219,20,0,0
BRDA:219,20,1,0
BRDA:220,21,0,0
BRDA:220,21,1,0
BRDA:238,22,0,10
BRDA:238,22,1,2
BRDA:239,23,0,1
BRDA:239,23,1,9
BRDA:261,24,0,1
BRDA:261,24,1,10
BRDA:263,25,0,0
BRDA:263,25,1,1
BRDA:263,26,0,1
BRDA:263,26,1,0
BRDA:291,27,0,0
BRDA:291,27,1,0
BRF:60
BRH:19
end_of_record
TN:
SF:src\shared\services\logger.tsx
FNF:0
FNH:0
DA:3,2
LF:1
LH:1
BRDA:3,0,0,2
BRDA:3,0,1,0
BRF:2
BRH:1
end_of_record
TN:
SF:src\utils\session.tsx
FN:25,(anonymous_0)
FN:33,(anonymous_1)
FN:47,(anonymous_2)
FN:61,(anonymous_3)
FN:72,(anonymous_4)
FN:81,(anonymous_5)
FN:94,(anonymous_6)
FN:105,(anonymous_7)
FN:116,(anonymous_8)
FN:118,(anonymous_9)
FN:132,(anonymous_10)
FN:146,(anonymous_11)
FN:153,(anonymous_12)
FN:162,(anonymous_13)
FN:178,(anonymous_14)
FN:199,(anonymous_15)
FNF:16
FNH:0
FNDA:0,(anonymous_0)
FNDA:0,(anonymous_1)
FNDA:0,(anonymous_2)
FNDA:0,(anonymous_3)
FNDA:0,(anonymous_4)
FNDA:0,(anonymous_5)
FNDA:0,(anonymous_6)
FNDA:0,(anonymous_7)
FNDA:0,(anonymous_8)
FNDA:0,(anonymous_9)
FNDA:0,(anonymous_10)
FNDA:0,(anonymous_11)
FNDA:0,(anonymous_12)
FNDA:0,(anonymous_13)
FNDA:0,(anonymous_14)
FNDA:0,(anonymous_15)
DA:9,1
DA:25,1
DA:32,0
DA:33,0
DA:34,0
DA:37,0
DA:38,0
DA:39,0
DA:47,1
DA:48,0
DA:49,0
DA:50,0
DA:51,0
DA:52,0
DA:53,0
DA:54,0
DA:55,0
DA:61,1
DA:64,0
DA:65,0
DA:66,0
DA:72,1
DA:75,0
DA:81,1
DA:84,0
DA:86,0
DA:87,0
DA:88,0
DA:94,1
DA:95,0
DA:97,0
DA:98,0
DA:99,0
DA:105,1
DA:111,0
DA:113,0
DA:114,0
DA:116,0
DA:117,0
DA:118,0
DA:119,0
DA:120,0
DA:121,0
DA:123,0
DA:124,0
DA:132,0
DA:134,0
DA:135,0
DA:136,0
DA:139,0
DA:140,0
DA:144,0
DA:146,0
DA:147,0
DA:153,1
DA:157,0
DA:159,0
DA:160,0
DA:162,0
DA:163,0
DA:164,0
DA:165,0
DA:169,0
DA:178,1
DA:187,0
DA:189,0
DA:190,0
DA:196,0
DA:197,0
DA:199,0
DA:200,0
DA:202,0
LF:72
LH:10
BRDA:27,0,0,0
BRDA:32,1,0,0
BRDA:34,2,0,0
BRDA:34,2,1,0
BRDA:37,3,0,0
BRDA:37,3,1,0
BRDA:37,4,0,0
BRDA:37,4,1,0
BRDA:38,5,0,0
BRDA:38,5,1,0
BRDA:52,6,0,0
BRDA:52,6,1,0
BRDA:64,7,0,0
BRDA:64,7,1,0
BRDA:75,8,0,0
BRDA:75,8,1,0
BRDA:84,9,0,0
BRDA:84,9,1,0
BRDA:95,10,0,0
BRDA:95,10,1,0
BRDA:109,11,0,0
BRDA:111,12,0,0
BRDA:111,12,1,0
BRDA:111,13,0,0
BRDA:111,13,1,0
BRDA:123,14,0,0
BRDA:123,14,1,0
BRDA:126,15,0,0
BRDA:126,15,1,0
BRDA:139,16,0,0
BRDA:139,16,1,0
BRDA:139,17,0,0
BRDA:139,17,1,0
BRDA:144,18,0,0
BRDA:144,18,1,0
BRDA:157,19,0,0
BRDA:157,19,1,0
BRDA:164,20,0,0
BRDA:164,20,1,0
BRDA:187,21,0,0
BRDA:187,21,1,0
BRDA:200,22,0,0
BRDA:200,22,1,0
BRDA:200,23,0,0
BRDA:200,23,1,0
BRF:45
BRH:0
end_of_record
